2021/10/02 21:57:41 fan is ON
2021/10/02 21:57:42 fan is ON
2021/10/02 21:57:43 fan is ON
2021/10/02 21:57:44 fan is ON
2021/10/02 21:57:45 fan is ON
2021/10/02 21:57:46 fan is ON
2021/10/02 21:57:47 fan is ON
2021/10/02 21:57:48 fan is ON
2021/10/02 21:57:49 fan is ON
2021/10/02 21:57:50 fan is ON
2021/10/02 21:57:51 fan is ON
2021/10/02 21:57:52 fan is ON
2021/10/02 21:57:53 fan is ON
2021/10/02 21:57:54 fan is ON
2021/10/02 21:57:55 fan is ON
2021/10/02 21:57:56 fan is ON
2021/10/02 21:57:57 fan is ON
2021/10/02 21:57:58 fan is ON
2021/10/02 21:57:59 fan is ON
2021/10/02 21:58:00 fan is ON
2021/10/02 21:58:01 fan is ON
2021/10/02 21:58:02 fan is ON
2021/10/02 21:58:03 fan is ON
2021/10/02 21:58:04 fan is ON
2021/10/02 21:58:05 fan is ON
2021/10/02 21:58:06 fan is ON
2021/10/02 21:58:07 fan is ON
2021/10/02 21:58:08 fan is ON
2021/10/02 21:58:09 fan is ON
2021/10/02 21:58:10 fan is ON
2021/10/02 21:58:11 fan is ON
2021/10/02 21:58:12 fan is ON
2021/10/02 21:58:13 fan is ON
2021/10/02 21:58:14 fan is ON
2021/10/02 21:58:15 fan is ON
2021/10/02 21:58:16 fan is ON
2021/10/02 21:58:17 fan is ON
2021/10/02 21:58:30 fan is ON
2021/10/02 21:58:31 fan is ON
2021/10/02 21:58:32 fan is ON
2021/10/02 21:58:33 fan is ON
2021/10/02 21:58:34 fan is ON
2021/10/02 21:58:35 fan is ON
2021/10/02 21:58:36 fan is ON
2021/10/02 21:58:37 fan is ON
2021/10/02 21:58:38 fan is ON
2021/10/02 21:58:39 fan is ON
2021/10/02 21:58:40 fan is ON
2021/10/02 21:58:41 fan is ON
2021/10/02 21:58:42 fan is ON
2021/10/02 21:58:43 fan is ON
2021/10/02 21:58:44 fan is ON
2021/10/02 21:58:45 fan is ON
2021/10/02 21:58:46 fan is ON
2021/10/02 21:58:47 fan is ON
2021/10/02 21:58:48 fan is ON
2021/10/02 21:58:49 fan is ON
2021/10/02 21:58:50 fan is ON
2021/10/02 22:02:51 Current CPU Temperature: %s(%s), fan is ON 50.345 50
2021/10/02 22:02:52 Current CPU Temperature: %s(%s), fan is ON 50.345 50
2021/10/02 22:02:53 Current CPU Temperature: %s(%s), fan is ON 50.345 50
2021/10/02 22:02:54 Current CPU Temperature: %s(%s), fan is ON 50.345 50
2021/10/02 22:02:55 Current CPU Temperature: %s(%s), fan is ON 50.345 50
2021/10/02 22:02:56 Current CPU Temperature: %s(%s), fan is ON 50.345 50
2021/10/02 22:02:57 Current CPU Temperature: %s(%s), fan is ON 50.345 50
2021/10/02 22:02:58 Current CPU Temperature: %s(%s), fan is ON 50.345 50
2021/10/02 22:02:59 Current CPU Temperature: %s(%s), fan is ON 50.345 50
2021/10/02 22:03:00 Current CPU Temperature: %s(%s), fan is ON 50.345 50
2021/10/02 22:03:01 Current CPU Temperature: %s(%s), fan is ON 50.345 50
2021/10/02 22:03:02 Current CPU Temperature: %s(%s), fan is ON 50.345 50
2021/10/02 22:03:03 Current CPU Temperature: %s(%s), fan is ON 50.345 50
2021/10/02 22:03:04 Current CPU Temperature: %s(%s), fan is ON 50.345 50
2021/10/02 22:03:05 Current CPU Temperature: %s(%s), fan is ON 50.345 50
2021/10/02 22:03:06 Current CPU Temperature: %s(%s), fan is ON 50.345 50
2021/10/02 22:03:07 Current CPU Temperature: %s(%s), fan is ON 50.345 50
2021/10/02 22:03:08 Current CPU Temperature: %s(%s), fan is ON 50.345 50
2021/10/02 22:03:09 Current CPU Temperature: %s(%s), fan is ON 50.345 50
2021/10/02 22:03:10 Current CPU Temperature: %s(%s), fan is ON 50.345 50
2021/10/02 22:03:11 Current CPU Temperature: %s(%s), fan is ON 50.345 50
2021/10/02 22:03:12 Current CPU Temperature: %s(%s), fan is ON 50.345 50
2021/10/02 22:03:13 Current CPU Temperature: %s(%s), fan is ON 50.345 50
2021/10/02 22:03:14 Current CPU Temperature: %s(%s), fan is ON 50.345 50
2021/10/02 22:03:15 Current CPU Temperature: %s(%s), fan is ON 50.345 50
2021/10/02 22:03:16 Current CPU Temperature: %s(%s), fan is ON 50.345 50
2021/10/02 22:03:17 Current CPU Temperature: %s(%s), fan is ON 50.345 50
2021/10/02 22:03:18 Current CPU Temperature: %s(%s), fan is ON 50.345 50
2021/10/02 22:05:50 Current CPU Temperature: %!s(float64=50.345)(%!s(float64=50)), fan is ON
2021/10/02 22:05:51 Current CPU Temperature: %!s(float64=50.345)(%!s(float64=50)), fan is ON
2021/10/02 22:05:52 Current CPU Temperature: %!s(float64=50.345)(%!s(float64=50)), fan is ON
2021/10/02 22:05:53 Current CPU Temperature: %!s(float64=50.345)(%!s(float64=50)), fan is ON
2021/10/02 22:05:54 Current CPU Temperature: %!s(float64=50.345)(%!s(float64=50)), fan is ON
2021/10/02 22:05:55 Current CPU Temperature: %!s(float64=50.345)(%!s(float64=50)), fan is ON
2021/10/02 22:05:56 Current CPU Temperature: %!s(float64=50.345)(%!s(float64=50)), fan is ON
2021/10/02 22:05:57 Current CPU Temperature: %!s(float64=50.345)(%!s(float64=50)), fan is ON
2021/10/02 22:05:58 Current CPU Temperature: %!s(float64=50.345)(%!s(float64=50)), fan is ON
2021/10/02 22:05:59 Current CPU Temperature: %!s(float64=50.345)(%!s(float64=50)), fan is ON
2021/10/02 22:06:00 Current CPU Temperature: %!s(float64=50.345)(%!s(float64=50)), fan is ON
2021/10/02 22:06:01 Current CPU Temperature: %!s(float64=50.345)(%!s(float64=50)), fan is ON
2021/10/02 22:06:02 Current CPU Temperature: %!s(float64=50.345)(%!s(float64=50)), fan is ON
2021/10/02 22:06:03 Current CPU Temperature: %!s(float64=50.345)(%!s(float64=50)), fan is ON
2021/10/02 22:06:04 Current CPU Temperature: %!s(float64=50.345)(%!s(float64=50)), fan is ON
2021/10/02 22:06:05 Current CPU Temperature: %!s(float64=50.345)(%!s(float64=50)), fan is ON
2021/10/02 22:06:06 Current CPU Temperature: %!s(float64=50.345)(%!s(float64=50)), fan is ON
2021/10/02 22:06:07 Current CPU Temperature: %!s(float64=50.345)(%!s(float64=50)), fan is ON
2021/10/02 22:06:08 Current CPU Temperature: %!s(float64=50.345)(%!s(float64=50)), fan is ON
2021/10/02 22:06:09 Current CPU Temperature: %!s(float64=50.345)(%!s(float64=50)), fan is ON
2021/10/02 22:06:10 Current CPU Temperature: %!s(float64=50.345)(%!s(float64=50)), fan is ON
2021/10/02 22:06:11 Current CPU Temperature: %!s(float64=50.345)(%!s(float64=50)), fan is ON
2021/10/02 22:06:12 Current CPU Temperature: %!s(float64=50.345)(%!s(float64=50)), fan is ON
2021/10/02 22:06:13 Current CPU Temperature: %!s(float64=50.345)(%!s(float64=50)), fan is ON
2021/10/02 22:06:14 Current CPU Temperature: %!s(float64=50.345)(%!s(float64=50)), fan is ON
2021/10/02 22:06:15 Current CPU Temperature: %!s(float64=50.345)(%!s(float64=50)), fan is ON
2021/10/02 22:06:16 Current CPU Temperature: %!s(float64=50.345)(%!s(float64=50)), fan is ON
2021/10/02 22:06:17 Current CPU Temperature: %!s(float64=50.345)(%!s(float64=50)), fan is ON
2021/10/02 22:06:18 Current CPU Temperature: %!s(float64=50.345)(%!s(float64=50)), fan is ON
2021/10/02 22:06:19 Current CPU Temperature: %!s(float64=50.345)(%!s(float64=50)), fan is ON
2021/10/02 22:06:21 Current CPU Temperature: %!s(float64=50.345)(%!s(float64=50)), fan is ON
2021/10/02 22:06:22 Current CPU Temperature: %!s(float64=50.345)(%!s(float64=50)), fan is ON
2021/10/02 22:06:23 Current CPU Temperature: %!s(float64=50.345)(%!s(float64=50)), fan is ON
2021/10/02 22:06:24 Current CPU Temperature: %!s(float64=50.345)(%!s(float64=50)), fan is ON
2021/10/02 22:06:25 Current CPU Temperature: %!s(float64=50.345)(%!s(float64=50)), fan is ON
2021/10/02 22:06:26 Current CPU Temperature: %!s(float64=50.345)(%!s(float64=50)), fan is ON
2021/10/02 22:06:27 Current CPU Temperature: %!s(float64=50.345)(%!s(float64=50)), fan is ON
2021/10/02 22:06:28 Current CPU Temperature: %!s(float64=50.345)(%!s(float64=50)), fan is ON
2021/10/02 22:06:29 Current CPU Temperature: %!s(float64=50.345)(%!s(float64=50)), fan is ON
2021/10/02 22:06:30 Current CPU Temperature: %!s(float64=50.345)(%!s(float64=50)), fan is ON
2021/10/02 22:06:31 Current CPU Temperature: %!s(float64=50.345)(%!s(float64=50)), fan is ON
2021/10/02 22:07:01 Current CPU Temperature: %!S(float64=50.345)(%!S(float64=50)), fan is ON
2021/10/02 22:07:02 Current CPU Temperature: %!S(float64=50.345)(%!S(float64=50)), fan is ON
2021/10/02 22:07:03 Current CPU Temperature: %!S(float64=50.345)(%!S(float64=50)), fan is ON
2021/10/02 22:07:04 Current CPU Temperature: %!S(float64=50.345)(%!S(float64=50)), fan is ON
2021/10/02 22:07:05 Current CPU Temperature: %!S(float64=50.345)(%!S(float64=50)), fan is ON
2021/10/02 22:07:06 Current CPU Temperature: %!S(float64=50.345)(%!S(float64=50)), fan is ON
2021/10/02 22:07:07 Current CPU Temperature: %!S(float64=50.345)(%!S(float64=50)), fan is ON
2021/10/02 22:07:08 Current CPU Temperature: %!S(float64=50.345)(%!S(float64=50)), fan is ON
2021/10/02 22:07:09 Current CPU Temperature: %!S(float64=50.345)(%!S(float64=50)), fan is ON
2021/10/02 22:07:10 Current CPU Temperature: %!S(float64=50.345)(%!S(float64=50)), fan is ON
2021/10/02 22:07:11 Current CPU Temperature: %!S(float64=50.345)(%!S(float64=50)), fan is ON
2021/10/02 22:07:12 Current CPU Temperature: %!S(float64=50.345)(%!S(float64=50)), fan is ON
2021/10/02 22:07:13 Current CPU Temperature: %!S(float64=50.345)(%!S(float64=50)), fan is ON
2021/10/02 22:07:14 Current CPU Temperature: %!S(float64=50.345)(%!S(float64=50)), fan is ON
2021/10/02 22:07:15 Current CPU Temperature: %!S(float64=50.345)(%!S(float64=50)), fan is ON
2021/10/02 22:07:16 Current CPU Temperature: %!S(float64=50.345)(%!S(float64=50)), fan is ON
2021/10/02 22:24:34 Current CPU Temperature: 50.345000(50.000000), fan is ON
2021/10/02 22:24:35 Current CPU Temperature: 50.345000(50.000000), fan is ON
2021/10/02 22:24:36 Current CPU Temperature: 50.345000(50.000000), fan is ON
2021/10/02 22:24:37 Current CPU Temperature: 50.345000(50.000000), fan is ON
2021/10/02 22:24:38 Current CPU Temperature: 50.345000(50.000000), fan is ON
2021/10/02 22:24:39 Current CPU Temperature: 50.345000(50.000000), fan is ON
2021/10/02 22:24:40 Current CPU Temperature: 50.345000(50.000000), fan is ON
2021/10/02 22:24:41 Current CPU Temperature: 50.345000(50.000000), fan is ON
2021/10/02 22:24:42 Current CPU Temperature: 50.345000(50.000000), fan is ON
2021/10/02 22:24:43 Current CPU Temperature: 50.345000(50.000000), fan is ON
2021/10/02 22:24:44 Current CPU Temperature: 50.345000(50.000000), fan is ON
2021/10/02 22:24:45 Current CPU Temperature: 50.345000(50.000000), fan is ON
2021/10/02 22:24:46 Current CPU Temperature: 50.345000(50.000000), fan is ON
2021/10/02 22:24:47 Current CPU Temperature: 50.345000(50.000000), fan is ON
2021/10/02 22:24:48 Current CPU Temperature: 50.345000(50.000000), fan is ON
2021/10/02 22:24:50 Current CPU Temperature: 50.345000(50.000000), fan is ON
2021/10/02 22:24:51 Current CPU Temperature: 50.345000(50.000000), fan is ON
2021/10/02 22:24:52 Current CPU Temperature: 50.345000(50.000000), fan is ON
2021/10/02 22:24:53 Current CPU Temperature: 50.345000(50.000000), fan is ON
2021/10/02 22:24:54 Current CPU Temperature: 50.345000(50.000000), fan is ON
2021/10/02 22:24:55 Current CPU Temperature: 50.345000(50.000000), fan is ON
2021/10/02 22:24:56 Current CPU Temperature: 50.345000(50.000000), fan is ON
2021/10/02 22:24:57 Current CPU Temperature: 50.345000(50.000000), fan is ON
2021/10/02 22:24:58 Current CPU Temperature: 50.345000(50.000000), fan is ON
2021/10/02 22:24:59 Current CPU Temperature: 50.345000(50.000000), fan is ON
2021/10/02 22:25:00 Current CPU Temperature: 50.345000(50.000000), fan is ON
2021/10/02 22:25:01 Current CPU Temperature: 50.345000(50.000000), fan is ON
2021/10/02 22:25:02 Current CPU Temperature: 50.345000(50.000000), fan is ON
2021/10/02 22:25:03 Current CPU Temperature: 50.345000(50.000000), fan is ON
2021/10/02 22:25:04 Current CPU Temperature: 50.345000(50.000000), fan is ON
2021/10/02 22:25:05 Current CPU Temperature: 50.345000(50.000000), fan is ON
2021/10/02 22:27:17 Current CPU Temperature: 50.34(50.00), fan is ON
2021/10/02 22:27:18 Current CPU Temperature: 50.34(50.00), fan is ON
2021/10/02 22:27:19 Current CPU Temperature: 50.34(50.00), fan is ON
2021/10/02 22:27:20 Current CPU Temperature: 50.34(50.00), fan is ON
2021/10/02 22:27:21 Current CPU Temperature: 50.34(50.00), fan is ON
2021/10/02 22:27:22 Current CPU Temperature: 50.34(50.00), fan is ON
2021/10/02 22:27:23 Current CPU Temperature: 50.34(50.00), fan is ON
2021/10/02 22:27:24 Current CPU Temperature: 50.34(50.00), fan is ON
2021/10/02 22:27:25 Current CPU Temperature: 50.34(50.00), fan is ON
2021/10/02 22:27:26 Current CPU Temperature: 50.34(50.00), fan is ON
2021/10/02 22:27:27 Current CPU Temperature: 50.34(50.00), fan is ON
2021/10/02 22:27:28 Current CPU Temperature: 50.34(50.00), fan is ON
2021/10/02 22:27:29 Current CPU Temperature: 50.34(50.00), fan is ON
